<?xml version="1.0" encoding="UTF-8"?>
<!-- Generated by org.testng.reporters.JUnitReportReporter -->
<testsuite hostname="DESKTOP-LTKBB09" failures="0" tests="1" name="com.jostens.qa.testcases.LoginPageTest" time="0.006" errors="0" timestamp="2021-02-15T23:25:59 CST" skipped="0">
  <testcase classname="com.jostens.qa.testcases.LoginPageTest" name="login" time="0.006"/>
  <system-out/>
</testsuite> <!-- com.jostens.qa.testcases.LoginPageTest -->
